<?xml version="1.0" encoding="UTF-8"?>
<!-- Generated by org.testng.reporters.JUnitXMLReporter -->
<testsuite hostname="FRT_UCERECER" ignored="0" name="SE_Info" tests="3" failures="1" timestamp="31 Jul 2018 21:59:32 GMT" time="0.071" errors="0">
  <testcase name="testMethod2" time="0.004" classname="testNG.TestNG_ReportsAndLogs">
    <failure type="java.lang.AssertionError" message="expected [true] but found [false]">
      <![CDATA[java.lang.AssertionError: expected [true] but found [false]
at testNG.TestNG_ReportsAndLogs.testMethod2(TestNG_ReportsAndLogs.java:41)
... Removed 28 stack frames]]>
    </failure>
  </testcase> <!-- testMethod2 -->
  <testcase name="testMethod1" time="0.0" classname="testNG.TestNG_ReportsAndLogs"/>
  <testcase name="testMethod3" time="0.0" classname="testNG.TestNG_ReportsAndLogs">
    <skipped/>
  </testcase> <!-- testMethod3 -->
</testsuite> <!-- SE_Info -->
