<?xml version="1.0" encoding="UTF-8"?>
<testng-results skipped="0" failed="0" ignored="0" total="1" passed="1">
  <reporter-output>
  </reporter-output>
  <suite name="Default Suite" duration-ms="44791" started-at="2018-08-02T16:56:46Z" finished-at="2018-08-02T16:57:31Z">
    <groups>
    </groups>
    <test name="SE_Info" duration-ms="44791" started-at="2018-08-02T16:56:46Z" finished-at="2018-08-02T16:57:31Z">
      <class name="extenreports.SeleniumLoginTest">
        <test-method status="PASS" signature="beforeClass()[pri:0, instance:extenreports.SeleniumLoginTest@3701eaf6]" name="beforeClass" is-config="true" duration-ms="16123" started-at="2018-08-02T16:56:46Z" finished-at="2018-08-02T16:57:03Z">
          <reporter-output>
          </reporter-output>
        </test-method> <!-- beforeClass -->
        <test-method status="PASS" signature="test1_validLoginTest()[pri:0, instance:extenreports.SeleniumLoginTest@3701eaf6]" name="test1_validLoginTest" duration-ms="24136" started-at="2018-08-02T16:57:03Z" finished-at="2018-08-02T16:57:27Z">
          <reporter-output>
          </reporter-output>
        </test-method> <!-- test1_validLoginTest -->
        <test-method status="PASS" signature="tearDown(org.testng.ITestResult)[pri:0, instance:extenreports.SeleniumLoginTest@3701eaf6]" name="tearDown" is-config="true" duration-ms="3" started-at="2018-08-02T16:57:27Z" finished-at="2018-08-02T16:57:27Z">
          <params>
            <param index="0">
              <value>
                <![CDATA[[TestResult name=test1_validLoginTest status=SUCCESS method=SeleniumLoginTest.test1_validLoginTest()[pri:0, instance:extenreports.SeleniumLoginTest@3701eaf6] output={null}]]]>
              </value>
            </param>
          </params>
          <reporter-output>
          </reporter-output>
        </test-method> <!-- tearDown -->
        <test-method status="PASS" signature="afterClass()[pri:0, instance:extenreports.SeleniumLoginTest@3701eaf6]" name="afterClass" is-config="true" duration-ms="4482" started-at="2018-08-02T16:57:27Z" finished-at="2018-08-02T16:57:31Z">
          <reporter-output>
          </reporter-output>
        </test-method> <!-- afterClass -->
      </class> <!-- extenreports.SeleniumLoginTest -->
    </test> <!-- SE_Info -->
  </suite> <!-- Default Suite -->
</testng-results>
